#
# There is insufficient memory for the Java Runtime Environment to continue.
# Native memory allocation (malloc) failed to allocate 123216 bytes for Chunk::new
# Possible reasons:
#   The system is out of physical RAM or swap space
#   In 32 bit mode, the process size limit was hit
# Possible solutions:
#   Reduce memory load on the system
#   Increase physical memory or swap space
#   Check if swap backing store is full
#   Use 64 bit Java on a 64 bit OS
#   Decrease Java heap size (-Xmx/-Xms)
#   Decrease number of Java threads
#   Decrease Java thread stack sizes (-Xss)
#   Set larger code cache with -XX:ReservedCodeCacheSize=
# This output file may be truncated or incomplete.
#
#  Out of Memory Error (allocation.cpp:390), pid=13940, tid=16324
#
# JRE version: Java(TM) SE Runtime Environment (8.0_51-b16) (build 1.8.0_51-b16)
# Java VM: Java HotSpot(TM) 64-Bit Server VM (25.51-b03 mixed mode windows-amd64 compressed oops)
# Failed to write core dump. Minidumps are not enabled by default on client versions of Windows
#

---------------  T H R E A D  ---------------

Current thread (0x00000000179c1800):  JavaThread "C2 CompilerThread1" daemon [_thread_in_native, id=16324, stack(0x0000000018fd0000,0x00000000190d0000)]

Stack: [0x0000000018fd0000,0x00000000190d0000]
Native frames: (J=compiled Java code, j=interpreted, Vv=VM code, C=native code)
V  [jvm.dll+0x32b4ca]


Current CompileTask:
C2:   3727  841  s!   4       sun.misc.URLClassPath::getLoader (197 bytes)


---------------  P R O C E S S  ---------------

Java Threads: ( => current thread )
  0x0000000019df1000 JavaThread "Keep-Alive-Timer" daemon [_thread_blocked, id=16724, stack(0x000000001aa10000,0x000000001ab10000)]
  0x0000000019de5000 JavaThread "UrlChecker-2" daemon [_thread_blocked, id=18528, stack(0x000000001a610000,0x000000001a710000)]
  0x0000000019de3800 JavaThread "Exec Stream Pumper" daemon [_thread_in_native, id=20352, stack(0x000000001a510000,0x000000001a610000)]
  0x0000000019d44800 JavaThread "Exec Stream Pumper" daemon [_thread_in_native, id=4112, stack(0x000000001a410000,0x000000001a510000)]
  0x0000000019ec6000 JavaThread "Exec Default Executor" daemon [_thread_in_native, id=8356, stack(0x000000001a310000,0x000000001a410000)]
  0x00000000191f6000 JavaThread "Service Thread" daemon [_thread_blocked, id=14984, stack(0x00000000195d0000,0x00000000196d0000)]
  0x00000000179c4800 JavaThread "C1 CompilerThread2" daemon [_thread_blocked, id=3812, stack(0x00000000190d0000,0x00000000191d0000)]
=>0x00000000179c1800 JavaThread "C2 CompilerThread1" daemon [_thread_in_native, id=16324, stack(0x0000000018fd0000,0x00000000190d0000)]
  0x000000001796d000 JavaThread "C2 CompilerThread0" daemon [_thread_in_native, id=17316, stack(0x0000000018ed0000,0x0000000018fd0000)]
  0x000000001796b000 JavaThread "Attach Listener" daemon [_thread_blocked, id=14332, stack(0x0000000018dd0000,0x0000000018ed0000)]
  0x000000001796a000 JavaThread "Signal Dispatcher" daemon [_thread_blocked, id=16404, stack(0x0000000018cd0000,0x0000000018dd0000)]
  0x0000000002e26800 JavaThread "Finalizer" daemon [_thread_blocked, id=20136, stack(0x0000000018bd0000,0x0000000018cd0000)]
  0x0000000017939800 JavaThread "Reference Handler" daemon [_thread_blocked, id=15880, stack(0x0000000018ad0000,0x0000000018bd0000)]
  0x0000000002d2d800 JavaThread "Forwarding newSession on session null to remote" [_thread_in_vm, id=11008, stack(0x0000000002b10000,0x0000000002c10000)]

Other Threads:
  0x0000000017937800 VMThread [stack: 0x00000000189d0000,0x0000000018ad0000] [id=17772]
  0x00000000191f7000 WatcherThread [stack: 0x00000000196d0000,0x00000000197d0000] [id=9548]

VM state:not at safepoint (normal execution)

VM Mutex/Monitor currently owned by a thread:  ([mutex/lock_event])
[0x0000000002d2cf00] SystemDictionary_lock - owner thread: 0x0000000002d2d800

Heap:
 PSYoungGen      total 38400K, used 22659K [0x00000000d5e00000, 0x00000000d8880000, 0x0000000100000000)
  eden space 33280K, 68% used [0x00000000d5e00000,0x00000000d7420f18,0x00000000d7e80000)
  from space 5120K, 0% used [0x00000000d8380000,0x00000000d8380000,0x00000000d8880000)
  to   space 5120K, 0% used [0x00000000d7e80000,0x00000000d7e80000,0x00000000d8380000)
 ParOldGen       total 87552K, used 0K [0x0000000081a00000, 0x0000000086f80000, 0x00000000d5e00000)
  object space 87552K, 0% used [0x0000000081a00000,0x0000000081a00000,0x0000000086f80000)
 Metaspace       used 9587K, capacity 9832K, committed 9984K, reserved 1058816K
  class space    used 1172K, capacity 1267K, committed 1280K, reserved 1048576K

Card table byte_map: [0x00000000121f0000,0x00000000125f0000] byte_map_base: 0x0000000011de3000

Marking Bits: (ParMarkBitMap*) 0x0000000054de4040
 Begin Bits: [0x0000000012ca0000, 0x0000000014c38000)
 End Bits:   [0x0000000014c38000, 0x0000000016bd0000)

Polling page: 0x0000000001250000

CodeCache: size=245760Kb used=3234Kb max_used=3234Kb free=242525Kb
 bounds [0x0000000002e30000, 0x0000000003160000, 0x0000000011e30000]
 total_blobs=1205 nmethods=861 adapters=257
 compilation: enabled

Compilation events (10 events):
Event: 3.706 Thread 0x00000000179c4800  860       3       java.lang.invoke.MemberName::getName (25 bytes)
Event: 3.708 Thread 0x00000000179c4800 nmethod 860 0x0000000003158490 code [0x0000000003158620, 0x0000000003158a48]
Event: 3.708 Thread 0x00000000179c4800  862       3       java.util.regex.Pattern::isSupplementary (20 bytes)
Event: 3.708 Thread 0x00000000179c4800 nmethod 862 0x0000000003158b50 code [0x0000000003158cc0, 0x0000000003158f90]
Event: 3.709 Thread 0x00000000179c4800  861       3       java.lang.Character::charCount (12 bytes)
Event: 3.709 Thread 0x00000000179c4800 nmethod 861 0x0000000003159050 code [0x00000000031591a0, 0x0000000003159330]
Event: 3.709 Thread 0x00000000179c4800  863       3       java.lang.Character::codePointAtImpl (41 bytes)
Event: 3.710 Thread 0x00000000179c4800 nmethod 863 0x0000000003159390 code [0x0000000003159520, 0x0000000003159990]
Event: 3.710 Thread 0x00000000179c4800  864       3       java.lang.Character::isHighSurrogate (18 bytes)
Event: 3.711 Thread 0x00000000179c4800 nmethod 864 0x0000000003159b50 code [0x0000000003159ca0, 0x0000000003159e70]

GC Heap History (0 events):
No events

Deoptimization events (9 events):
Event: 1.271 Thread 0x0000000002d2d800 Uncommon trap: reason=unstable_if action=reinterpret pc=0x0000000002f85c68 method=java.lang.String.startsWith(Ljava/lang/String;I)Z @ 25
Event: 1.555 Thread 0x0000000002d2d800 Uncommon trap: reason=unstable_if action=reinterpret pc=0x000000000300bcd4 method=java.lang.CharacterDataLatin1.digit(II)I @ 82
Event: 2.648 Thread 0x0000000002d2d800 Uncommon trap: reason=class_check action=maybe_recompile pc=0x00000000030ea894 method=java.util.Collections$UnmodifiableCollection$1.next()Ljava/lang/Object; @ 4
Event: 3.000 Thread 0x0000000002d2d800 Uncommon trap: reason=unstable_if action=reinterpret pc=0x0000000002fa9384 method=java.lang.String.replace(CC)Ljava/lang/String; @ 2
Event: 3.016 Thread 0x0000000002d2d800 Uncommon trap: reason=class_check action=maybe_recompile pc=0x00000000030ea894 method=java.util.Collections$UnmodifiableCollection$1.next()Ljava/lang/Object; @ 4
Event: 3.018 Thread 0x0000000002d2d800 Uncommon trap: reason=class_check action=maybe_recompile pc=0x00000000030ea894 method=java.util.Collections$UnmodifiableCollection$1.next()Ljava/lang/Object; @ 4
Event: 3.040 Thread 0x0000000002d2d800 Uncommon trap: reason=class_check action=maybe_recompile pc=0x00000000030ea894 method=java.util.Collections$UnmodifiableCollection$1.next()Ljava/lang/Object; @ 4
Event: 3.111 Thread 0x0000000019de5000 Uncommon trap: reason=unstable_if action=reinterpret pc=0x0000000003003ad4 method=java.lang.CharacterDataLatin1.digit(II)I @ 82
Event: 3.674 Thread 0x0000000002d2d800 Uncommon trap: reason=unstable_if action=reinterpret pc=0x000000000310b318 method=java.util.Arrays.equals([B[B)Z @ 2

Internal exceptions (10 events):
Event: 1.110 Thread 0x0000000002d2d800 Exception <a 'java/security/PrivilegedActionException'> (0x00000000d639b760) thrown at [C:\re\workspace\8-2-build-windows-amd64-cygwin\jdk8u51\3951\hotspot\src\share\vm\prims\jvm.cpp, line 1382]
Event: 1.110 Thread 0x0000000002d2d800 Exception <a 'java/security/PrivilegedActionException'> (0x00000000d639baa8) thrown at [C:\re\workspace\8-2-build-windows-amd64-cygwin\jdk8u51\3951\hotspot\src\share\vm\prims\jvm.cpp, line 1382]
Event: 1.111 Thread 0x0000000002d2d800 Exception <a 'java/security/PrivilegedActionException'> (0x00000000d639c948) thrown at [C:\re\workspace\8-2-build-windows-amd64-cygwin\jdk8u51\3951\hotspot\src\share\vm\prims\jvm.cpp, line 1382]
Event: 1.111 Thread 0x0000000002d2d800 Exception <a 'java/security/PrivilegedActionException'> (0x00000000d639cc90) thrown at [C:\re\workspace\8-2-build-windows-amd64-cygwin\jdk8u51\3951\hotspot\src\share\vm\prims\jvm.cpp, line 1382]
Event: 1.128 Thread 0x0000000002d2d800 Exception <a 'java/lang/NoClassDefFoundError': org/apache/log4j/Priority> (0x00000000d63c5e08) thrown at [C:\re\workspace\8-2-build-windows-amd64-cygwin\jdk8u51\3951\hotspot\src\share\vm\classfile\systemDictionary.cpp, line 199]
Event: 1.482 Thread 0x0000000002d2d800 Exception <a 'java/lang/NoSuchFieldError': method resolution failed> (0x00000000d65da3a8) thrown at [C:\re\workspace\8-2-build-windows-amd64-cygwin\jdk8u51\3951\hotspot\src\share\vm\prims\methodHandles.cpp, line 1125]
Event: 1.491 Thread 0x0000000002d2d800 Exception <a 'java/lang/NoSuchFieldError': method resolution failed> (0x00000000d65e8d58) thrown at [C:\re\workspace\8-2-build-windows-amd64-cygwin\jdk8u51\3951\hotspot\src\share\vm\prims\methodHandles.cpp, line 1125]
Event: 3.608 Thread 0x0000000019de5000 Exception <a 'java/net/SocketTimeoutException': connect timed out> (0x00000000d72e34f0) thrown at [C:\re\workspace\8-2-build-windows-amd64-cygwin\jdk8u51\3951\hotspot\src\share\vm\prims\jni.cpp, line 735]
Event: 3.693 Thread 0x0000000002d2d800 Exception <a 'java/lang/IncompatibleClassChangeError': Found class java.lang.Object, but interface was expected> (0x00000000d70c0938) thrown at [C:\re\workspace\8-2-build-windows-amd64-cygwin\jdk8u51\3951\hotspot\src\share\vm\interpreter\linkResolver.cpp, >RCÅ¶@
Event: 3.706 Thread 0x0000000002d2d800 Exception <a 'java/lang/NoSuchMethodError': java.lang.Object.lambda$or$12(Ljava/util/function/Predicate;Ljava/lang/Object;)Z> (0x00000000d70d04f0) thrown at [C:\re\workspace\8-2-build-windows-amd64-cygwin\jdk8u51\3951\hotspot\src\share\vm\interpreter\linkRE 7Õ√Ò?

Events (10 events):
Event: 3.698 loading class java/util/stream/ReduceOps$AccumulatingSink done
Event: 3.698 loading class java/util/stream/ReduceOps$Box
Event: 3.698 loading class java/util/stream/ReduceOps$Box done
Event: 3.698 loading class java/util/stream/ReduceOps$1ReducingSink done
Event: 3.699 loading class java/util/stream/ReferencePipeline$3$1
Event: 3.699 loading class java/util/stream/Sink$ChainedReference
Event: 3.699 loading class java/util/stream/Sink$ChainedReference done
Event: 3.699 loading class java/util/stream/ReferencePipeline$3$1 done
Event: 3.699 loading class java/util/regex/Pattern$Dollar
Event: 3.700 loading class java/util/regex/Pattern$Dollar done


Dynamic libraries:
0x00007ff64dea0000 - 0x00007ff64ded7000 	C:\Program Files\Java\jdk1.8.0_51\bin\javaw.exe
0x00007ffb319f0000 - 0x00007ffb31bd1000 	C:\WINDOWS\SYSTEM32\ntdll.dll
0x00007ffb2ff80000 - 0x00007ffb30031000 	C:\WINDOWS\System32\KERNEL32.DLL
0x00007ffb2ea00000 - 0x00007ffb2ec73000 	C:\WINDOWS\System32\KERNELBASE.dll
0x00007ffb2fe10000 - 0x00007ffb2feb1000 	C:\WINDOWS\System32\ADVAPI32.dll
0x00007ffb2f420000 - 0x00007ffb2f4be000 	C:\WINDOWS\System32\msvcrt.dll
0x00007ffb2f3c0000 - 0x00007ffb2f41b000 	C:\WINDOWS\System32\sechost.dll
0x00007ffb30040000 - 0x00007ffb30164000 	C:\WINDOWS\System32\RPCRT4.dll
0x00007ffb2f4c0000 - 0x00007ffb2f650000 	C:\WINDOWS\System32\USER32.dll
0x00007ffb2df40000 - 0x00007ffb2df60000 	C:\WINDOWS\System32\win32u.dll
0x00007ffb31800000 - 0x00007ffb31828000 	C:\WINDOWS\System32\GDI32.dll
0x00007ffb2ec80000 - 0x00007ffb2ee12000 	C:\WINDOWS\System32\gdi32full.dll
0x00007ffb2e1a0000 - 0x00007ffb2e23f000 	C:\WINDOWS\System32\msvcp_win.dll
0x00007ffb2ddc0000 - 0x00007ffb2deb8000 	C:\WINDOWS\System32\ucrtbase.dll
0x00007ffb1b260000 - 0x00007ffb1b4c9000 	C:\WINDOWS\WinSxS\amd64_microsoft.windows.common-controls_6595b64144ccf1df_6.0.17134.706_none_fb43a2cb30647007\COMCTL32.dll
0x00007ffb2f9e0000 - 0x00007ffb2fd02000 	C:\WINDOWS\System32\combase.dll
0x00007ffb2dec0000 - 0x00007ffb2df3a000 	C:\WINDOWS\System32\bcryptPrimitives.dll
0x00007ffb2fd10000 - 0x00007ffb2fd3d000 	C:\WINDOWS\System32\IMM32.DLL
0x00000000582c0000 - 0x0000000058392000 	C:\Program Files\Java\jdk1.8.0_51\jre\bin\msvcr100.dll
0x00000000545e0000 - 0x0000000054e63000 	C:\Program Files\Java\jdk1.8.0_51\jre\bin\server\jvm.dll
0x00007ffb318b0000 - 0x00007ffb318b8000 	C:\WINDOWS\System32\PSAPI.DLL
0x00007ffafa4a0000 - 0x00007ffafa4a9000 	C:\WINDOWS\SYSTEM32\WSOCK32.dll
0x00007ffb2fd40000 - 0x00007ffb2fdac000 	C:\WINDOWS\System32\WS2_32.dll
0x00007ffb2bae0000 - 0x00007ffb2bb03000 	C:\WINDOWS\SYSTEM32\WINMM.dll
0x00007ffb281e0000 - 0x00007ffb281ea000 	C:\WINDOWS\SYSTEM32\VERSION.dll
0x00007ffb2b7d0000 - 0x00007ffb2b7fa000 	C:\WINDOWS\SYSTEM32\winmmbase.dll
0x00007ffb2e150000 - 0x00007ffb2e199000 	C:\WINDOWS\System32\cfgmgr32.dll
0x0000000058480000 - 0x000000005848f000 	C:\Program Files\Java\jdk1.8.0_51\jre\bin\verify.dll
0x0000000058410000 - 0x0000000058439000 	C:\Program Files\Java\jdk1.8.0_51\jre\bin\java.dll
0x0000000058460000 - 0x0000000058476000 	C:\Program Files\Java\jdk1.8.0_51\jre\bin\zip.dll
0x00007ffb303c0000 - 0x00007ffb31800000 	C:\WINDOWS\System32\SHELL32.dll
0x00007ffb2fed0000 - 0x00007ffb2ff79000 	C:\WINDOWS\System32\shcore.dll
0x00007ffb2e240000 - 0x00007ffb2e94d000 	C:\WINDOWS\System32\windows.storage.dll
0x00007ffb2f980000 - 0x00007ffb2f9d1000 	C:\WINDOWS\System32\shlwapi.dll
0x00007ffb2dd50000 - 0x00007ffb2dd61000 	C:\WINDOWS\System32\kernel.appcore.dll
0x00007ffb2dd90000 - 0x00007ffb2ddaf000 	C:\WINDOWS\System32\profapi.dll
0x00007ffb2dd00000 - 0x00007ffb2dd4c000 	C:\WINDOWS\System32\powrprof.dll
0x00007ffb2ddb0000 - 0x00007ffb2ddba000 	C:\WINDOWS\System32\FLTLIB.DLL
0x00000000583f0000 - 0x000000005840a000 	C:\Program Files\Java\jdk1.8.0_51\jre\bin\net.dll
0x00007ffb2d520000 - 0x00007ffb2d586000 	C:\WINDOWS\system32\mswsock.dll
0x00007ffb2d2e0000 - 0x00007ffb2d39e000 	C:\WINDOWS\SYSTEM32\DNSAPI.dll
0x00007ffb2fec0000 - 0x00007ffb2fec8000 	C:\WINDOWS\System32\NSI.dll
0x00007ffb2d2a0000 - 0x00007ffb2d2d8000 	C:\WINDOWS\SYSTEM32\IPHLPAPI.DLL
0x00007ffb22620000 - 0x00007ffb2262a000 	C:\Windows\System32\rasadhlp.dll
0x00007ffb20c50000 - 0x00007ffb20cc2000 	C:\WINDOWS\System32\fwpuclnt.dll
0x00007ffb2d860000 - 0x00007ffb2d885000 	C:\WINDOWS\SYSTEM32\bcrypt.dll
0x00000000583a0000 - 0x00000000583c4000 	C:\Program Files\Java\jdk1.8.0_51\jre\bin\sunec.dll
0x00007ffb2d730000 - 0x00007ffb2d747000 	C:\WINDOWS\SYSTEM32\CRYPTSP.dll
0x00007ffb2d100000 - 0x00007ffb2d133000 	C:\WINDOWS\system32\rsaenh.dll
0x00007ffb2dc00000 - 0x00007ffb2dc28000 	C:\WINDOWS\SYSTEM32\USERENV.dll
0x00007ffb2d750000 - 0x00007ffb2d75b000 	C:\WINDOWS\SYSTEM32\CRYPTBASE.dll
0x00007ffb28fe0000 - 0x00007ffb28ff6000 	C:\WINDOWS\SYSTEM32\dhcpcsvc6.DLL
0x00007ffb26b20000 - 0x00007ffb26b3a000 	C:\WINDOWS\SYSTEM32\dhcpcsvc.DLL
0x00000000583d0000 - 0x00000000583e1000 	C:\Program Files\Java\jdk1.8.0_51\jre\bin\nio.dll

VM Arguments:
jvm_args: -Dfile.encoding=Cp1252 
java_command: BasicElementOperations.TextBox
java_class_path (initial): F:\Selenium\Programs\SeleniumBasics\bin;F:\Selenium\JarFiles\selenium-server-standalone-3.6.0.jar
Launcher Type: SUN_STANDARD

Environment Variables:
PATH=C:/Program Files/Java/jdk1.8.0_51/jre/bin/server;C:/Program Files/Java/jdk1.8.0_51/jre/bin;C:/Program Files/Java/jdk1.8.0_51/jre/lib/amd64;C:\ProgramData\Oracle\Java\javapath;C:\Program Files (x86)\Lenovo\FusionEngine;C:\Program Files (x86)\Intel\iCLS Client\;C:\Program Files\Intel\iCLS Client\;C:\Program Files (x86)\NVIDIA Corporation\PhysX\Common;C:\WINDOWS\system32;C:\WINDOWS;C:\WINDOWS\System32\Wbem;C:\WINDOWS\System32\WindowsPowerShell\v1.0\;C:\Program Files\Lenovo\Bluetooth Software\;C:\Program Files\Lenovo\Bluetooth Software\syswow64;C:\Program Files (x86)\Common Files\lenovo\easyplussdk\bin;C:\Program Files\Intel\Intel(R) Management Engine Components\DAL;C:\Program Files\Intel\Intel(R) Management Engine Components\IPT;C:\Program Files (x86)\Intel\Intel(R) Management Engine Components\DAL;C:\Program Files (x86)\Intel\Intel(R) Management Engine Components\IPT;C:\Program Files\Java\jdk1.8.0_51\bin;C:\Users\kiran\.dnx\bin;C:\Program Files\Microsoft DNX\Dnvm\;C:\Users\kiran\AppData\Local\Android\sdk\tools;C:\Users\kiran\AppData\Local\Android\sdk\platform-tools;C:\WINDOWS\System32\OpenSSH\;C:\Program Files\nodejs\;C:\Users\kiran\AppData\Local\Microsoft\WindowsApps;C:\Users\kiran\AppData\Roaming\npm;C:\Users\kiran\AppData\Local\Programs\Microsoft VS Code\bin;C:\Program Files\nodejs;;C:\Users\kiran\Desktop;
USERNAME=kiran
OS=Windows_NT
PROCESSOR_IDENTIFIER=Intel64 Family 6 Model 69 Stepping 1, GenuineIntel



---------------  S Y S T E M  ---------------

OS: Windows 10.0 , 64 bit Build 17134 (10.0.17134.706)

CPU:total 4 (2 cores per cpu, 2 threads per core) family 6 model 69 stepping 1, cmov, cx8, fxsr, mmx, sse, sse2, sse3, ssse3, sse4.1, sse4.2, popcnt, avx, avx2, aes, clmul, erms, lzcnt, ht, tsc, tscinvbit, bmi1, bmi2

Memory: 4k page, physical 8278296k(2819156k free), swap 33444120k(3088k free)

vm_info: Java HotSpot(TM) 64-Bit Server VM (25.51-b03) for windows-amd64 JRE (1.8.0_51-b16), built on Jun  8 2015 18:03:07 by "java_re" with MS VC++ 10.0 (VS2010)

time: Tue Jun 25 01:03:29 2019
elapsed time: 3 seconds (0d 0h 0m 3s)

